
  .   ____          _            __ _ _
 /\\ / ___'_ __ _ _(_)_ __  __ _ \ \ \ \
( ( )\___ | '_ | '_| | '_ \/ _` | \ \ \ \
 \\/  ___)| |_)| | | | | || (_| |  ) ) ) )
  '  |____| .__|_| |_|_| |_\__, | / / / /
 =========|_|==============|___/=/_/_/_/
 :: Spring Boot ::                (v3.2.0)

2025-10-02T21:38:21.537+01:00  INFO 65747 --- [api-monitoring-dashboard] [           main] c.e.monitoring.MonitoringApplication     : Starting MonitoringApplication using Java 17.0.14 with PID 65747 (/Users/xmacx/Downloads/backend5-FINAL-WORKING/target/api-monitoring-dashboard-1.0.0.jar started by xmacx in /Users/xmacx/Downloads/backend5-FINAL-WORKING)
2025-10-02T21:38:21.541+01:00  INFO 65747 --- [api-monitoring-dashboard] [           main] c.e.monitoring.MonitoringApplication     : No active profile set, falling back to 1 default profile: "default"
2025-10-02T21:38:23.214+01:00  INFO 65747 --- [api-monitoring-dashboard] [           main] o.s.b.w.embedded.tomcat.TomcatWebServer  : Tomcat initialized with port 8080 (http)
2025-10-02T21:38:23.228+01:00  INFO 65747 --- [api-monitoring-dashboard] [           main] o.apache.catalina.core.StandardService   : Starting service [Tomcat]
2025-10-02T21:38:23.228+01:00  INFO 65747 --- [api-monitoring-dashboard] [           main] o.apache.catalina.core.StandardEngine    : Starting Servlet engine: [Apache Tomcat/10.1.16]
2025-10-02T21:38:23.267+01:00  INFO 65747 --- [api-monitoring-dashboard] [           main] o.a.c.c.C.[Tomcat].[localhost].[/]       : Initializing Spring embedded WebApplicationContext
2025-10-02T21:38:23.267+01:00  INFO 65747 --- [api-monitoring-dashboard] [           main] w.s.c.ServletWebServerApplicationContext : Root WebApplicationContext: initialization completed in 1628 ms
2025-10-02T21:38:23.400+01:00  INFO 65747 --- [api-monitoring-dashboard] [           main] com.zaxxer.hikari.HikariDataSource       : HikariPool-1 - Starting...
2025-10-02T21:38:25.248+01:00  INFO 65747 --- [api-monitoring-dashboard] [           main] com.zaxxer.hikari.pool.HikariPool        : HikariPool-1 - Added connection org.postgresql.jdbc.PgConnection@4b93dd6a
2025-10-02T21:38:25.251+01:00  INFO 65747 --- [api-monitoring-dashboard] [           main] com.zaxxer.hikari.HikariDataSource       : HikariPool-1 - Start completed.
2025-10-02T21:38:25.727+01:00  WARN 65747 --- [api-monitoring-dashboard] [           main] .s.s.UserDetailsServiceAutoConfiguration : 

Using generated security password: 535c9306-bb41-4c19-8987-3df607d64e87

This generated password is for development use only. Your security configuration must be updated before running your application in production.

2025-10-02T21:38:25.773+01:00  INFO 65747 --- [api-monitoring-dashboard] [           main] o.s.b.a.w.s.WelcomePageHandlerMapping    : Adding welcome page: class path resource [static/index.html]
2025-10-02T21:38:25.884+01:00  INFO 65747 --- [api-monitoring-dashboard] [           main] o.s.b.a.e.web.EndpointLinksResolver      : Exposing 2 endpoint(s) beneath base path '/actuator'
2025-10-02T21:38:25.903+01:00  INFO 65747 --- [api-monitoring-dashboard] [           main] o.s.s.web.DefaultSecurityFilterChain     : Will secure any request with [org.springframework.security.web.session.DisableEncodeUrlFilter@7d8f2eec, org.springframework.security.web.context.request.async.WebAsyncManagerIntegrationFilter@e886caf, org.springframework.security.web.context.SecurityContextHolderFilter@38667005, org.springframework.security.web.header.HeaderWriterFilter@9bf63d2, org.springframework.web.filter.CorsFilter@1d585fb, org.springframework.security.web.authentication.logout.LogoutFilter@3a4f8e8a, org.springframework.security.web.savedrequest.RequestCacheAwareFilter@1131aead, org.springframework.security.web.servletapi.SecurityContextHolderAwareRequestFilter@7d126083, org.springframework.security.web.authentication.AnonymousAuthenticationFilter@1884e671, org.springframework.security.web.session.SessionManagementFilter@7d977a20, org.springframework.security.web.access.ExceptionTranslationFilter@5d9bb69b, org.springframework.security.web.access.intercept.AuthorizationFilter@4fee14b]
2025-10-02T21:38:26.066+01:00  INFO 65747 --- [api-monitoring-dashboard] [           main] o.s.b.w.embedded.tomcat.TomcatWebServer  : Tomcat started on port 8080 (http) with context path ''
2025-10-02T21:38:26.086+01:00  INFO 65747 --- [api-monitoring-dashboard] [           main] c.e.monitoring.MonitoringApplication     : Started MonitoringApplication in 5.08 seconds (process running for 5.671)
2025-10-02T21:38:32.665+01:00  INFO 65747 --- [api-monitoring-dashboard] [nio-8080-exec-1] o.a.c.c.C.[Tomcat].[localhost].[/]       : Initializing Spring DispatcherServlet 'dispatcherServlet'
2025-10-02T21:38:32.666+01:00  INFO 65747 --- [api-monitoring-dashboard] [nio-8080-exec-1] o.s.web.servlet.DispatcherServlet        : Initializing Servlet 'dispatcherServlet'
2025-10-02T21:38:32.674+01:00  INFO 65747 --- [api-monitoring-dashboard] [nio-8080-exec-1] o.s.web.servlet.DispatcherServlet        : Completed initialization in 8 ms
2025-10-02T21:38:32.704+01:00  WARN 65747 --- [api-monitoring-dashboard] [nio-8080-exec-1] o.s.w.s.h.HandlerMappingIntrospector     : Cache miss for REQUEST dispatch to '/api/auth/logout' (previous null). Performing MatchableHandlerMapping lookup. This is logged once only at WARN level, and every time at TRACE.
2025-10-02T21:38:36.933+01:00 ERROR 65747 --- [api-monitoring-dashboard] [nio-8080-exec-1] i.n.r.d.DnsServerAddressStreamProviders  : Unable to load io.netty.resolver.dns.macos.MacOSDnsServerAddressStreamProvider, fallback to system defaults. This may result in incorrect DNS resolutions on MacOS. Check whether you have a dependency on 'io.netty:netty-resolver-dns-native-macos'. Use DEBUG level to see the full stack: java.lang.UnsatisfiedLinkError: failed to load the required native library
2025-10-03T00:08:22.490+01:00  WARN 65747 --- [api-monitoring-dashboard] [l-1 housekeeper] com.zaxxer.hikari.pool.HikariPool        : HikariPool-1 - Thread starvation or clock leap detected (housekeeper delta=15m55s551ms).
2025-10-03T00:45:43.189+01:00  WARN 65747 --- [api-monitoring-dashboard] [l-1 housekeeper] com.zaxxer.hikari.pool.HikariPool        : HikariPool-1 - Thread starvation or clock leap detected (housekeeper delta=37m20s718ms).
2025-10-03T00:45:56.704+01:00  WARN 65747 --- [api-monitoring-dashboard] [nio-8080-exec-4] com.zaxxer.hikari.pool.PoolBase          : HikariPool-1 - Failed to validate connection org.postgresql.jdbc.PgConnection@77b953e9 (This connection has been closed.). Possibly consider using a shorter maxLifetime value.
2025-10-03T00:45:56.839+01:00  WARN 65747 --- [api-monitoring-dashboard] [nio-8080-exec-4] com.zaxxer.hikari.pool.PoolBase          : HikariPool-1 - Failed to validate connection org.postgresql.jdbc.PgConnection@40a9dfb4 (This connection has been closed.). Possibly consider using a shorter maxLifetime value.
2025-10-03T00:45:56.966+01:00  WARN 65747 --- [api-monitoring-dashboard] [nio-8080-exec-4] com.zaxxer.hikari.pool.PoolBase          : HikariPool-1 - Failed to validate connection org.postgresql.jdbc.PgConnection@2d076c19 (This connection has been closed.). Possibly consider using a shorter maxLifetime value.
2025-10-03T00:45:57.095+01:00  WARN 65747 --- [api-monitoring-dashboard] [nio-8080-exec-4] com.zaxxer.hikari.pool.PoolBase          : HikariPool-1 - Failed to validate connection org.postgresql.jdbc.PgConnection@101c544b (This connection has been closed.). Possibly consider using a shorter maxLifetime value.
2025-10-03T00:45:57.222+01:00  WARN 65747 --- [api-monitoring-dashboard] [nio-8080-exec-4] com.zaxxer.hikari.pool.PoolBase          : HikariPool-1 - Failed to validate connection org.postgresql.jdbc.PgConnection@4b8f875c (This connection has been closed.). Possibly consider using a shorter maxLifetime value.
2025-10-03T00:45:57.347+01:00  WARN 65747 --- [api-monitoring-dashboard] [nio-8080-exec-4] com.zaxxer.hikari.pool.PoolBase          : HikariPool-1 - Failed to validate connection org.postgresql.jdbc.PgConnection@4555a5e6 (This connection has been closed.). Possibly consider using a shorter maxLifetime value.
2025-10-03T00:45:57.474+01:00  WARN 65747 --- [api-monitoring-dashboard] [nio-8080-exec-4] com.zaxxer.hikari.pool.PoolBase          : HikariPool-1 - Failed to validate connection org.postgresql.jdbc.PgConnection@53247ef1 (This connection has been closed.). Possibly consider using a shorter maxLifetime value.
2025-10-03T00:45:57.598+01:00  WARN 65747 --- [api-monitoring-dashboard] [nio-8080-exec-4] com.zaxxer.hikari.pool.PoolBase          : HikariPool-1 - Failed to validate connection org.postgresql.jdbc.PgConnection@2168d6d2 (This connection has been closed.). Possibly consider using a shorter maxLifetime value.
2025-10-03T00:45:57.720+01:00  WARN 65747 --- [api-monitoring-dashboard] [nio-8080-exec-4] com.zaxxer.hikari.pool.PoolBase          : HikariPool-1 - Failed to validate connection org.postgresql.jdbc.PgConnection@16ea00c4 (This connection has been closed.). Possibly consider using a shorter maxLifetime value.
2025-10-03T00:45:57.849+01:00  WARN 65747 --- [api-monitoring-dashboard] [nio-8080-exec-4] com.zaxxer.hikari.pool.PoolBase          : HikariPool-1 - Failed to validate connection org.postgresql.jdbc.PgConnection@7ef8ed6a (This connection has been closed.). Possibly consider using a shorter maxLifetime value.
2025-10-03T00:45:58.306+01:00  WARN 65747 --- [api-monitoring-dashboard] [ctor-http-nio-2] r.netty.http.client.HttpClientConnect    : [cd93d879-141, L:/192.168.100.81:63859 - R:qjh9iec7v5y1.manus.space/104.19.169.112:443] The connection observed an error

java.net.SocketException: Connection reset
	at java.base/sun.nio.ch.SocketChannelImpl.throwConnectionReset(SocketChannelImpl.java:394) ~[na:na]
	at java.base/sun.nio.ch.SocketChannelImpl.read(SocketChannelImpl.java:426) ~[na:na]
	at io.netty.buffer.PooledByteBuf.setBytes(PooledByteBuf.java:254) ~[netty-buffer-4.1.101.Final.jar!/:4.1.101.Final]
	at io.netty.buffer.AbstractByteBuf.writeBytes(AbstractByteBuf.java:1132) ~[netty-buffer-4.1.101.Final.jar!/:4.1.101.Final]
	at io.netty.channel.socket.nio.NioSocketChannel.doReadBytes(NioSocketChannel.java:357) ~[netty-transport-4.1.101.Final.jar!/:4.1.101.Final]
	at io.netty.channel.nio.AbstractNioByteChannel$NioByteUnsafe.read(AbstractNioByteChannel.java:151) ~[netty-transport-4.1.101.Final.jar!/:4.1.101.Final]
	at io.netty.channel.nio.NioEventLoop.processSelectedKey(NioEventLoop.java:788) ~[netty-transport-4.1.101.Final.jar!/:4.1.101.Final]
	at io.netty.channel.nio.NioEventLoop.processSelectedKeysOptimized(NioEventLoop.java:724) ~[netty-transport-4.1.101.Final.jar!/:4.1.101.Final]
	at io.netty.channel.nio.NioEventLoop.processSelectedKeys(NioEventLoop.java:650) ~[netty-transport-4.1.101.Final.jar!/:4.1.101.Final]
	at io.netty.channel.nio.NioEventLoop.run(NioEventLoop.java:562) ~[netty-transport-4.1.101.Final.jar!/:4.1.101.Final]
	at io.netty.util.concurrent.SingleThreadEventExecutor$4.run(SingleThreadEventExecutor.java:997) ~[netty-common-4.1.101.Final.jar!/:4.1.101.Final]
	at io.netty.util.internal.ThreadExecutorMap$2.run(ThreadExecutorMap.java:74) ~[netty-common-4.1.101.Final.jar!/:4.1.101.Final]
	at io.netty.util.concurrent.FastThreadLocalRunnable.run(FastThreadLocalRunnable.java:30) ~[netty-common-4.1.101.Final.jar!/:4.1.101.Final]
	at java.base/java.lang.Thread.run(Thread.java:840) ~[na:na]

2025-10-03T00:45:58.354+01:00  WARN 65747 --- [api-monitoring-dashboard] [ctor-http-nio-3] r.netty.http.client.HttpClientConnect    : [f804326c-141, L:/192.168.100.81:63862 - R:77h9ikc60z1m.manus.space/104.19.169.112:443] The connection observed an error

java.net.SocketException: Connection reset
	at java.base/sun.nio.ch.SocketChannelImpl.throwConnectionReset(SocketChannelImpl.java:394) ~[na:na]
	at java.base/sun.nio.ch.SocketChannelImpl.read(SocketChannelImpl.java:426) ~[na:na]
	at io.netty.buffer.PooledByteBuf.setBytes(PooledByteBuf.java:254) ~[netty-buffer-4.1.101.Final.jar!/:4.1.101.Final]
	at io.netty.buffer.AbstractByteBuf.writeBytes(AbstractByteBuf.java:1132) ~[netty-buffer-4.1.101.Final.jar!/:4.1.101.Final]
	at io.netty.channel.socket.nio.NioSocketChannel.doReadBytes(NioSocketChannel.java:357) ~[netty-transport-4.1.101.Final.jar!/:4.1.101.Final]
	at io.netty.channel.nio.AbstractNioByteChannel$NioByteUnsafe.read(AbstractNioByteChannel.java:151) ~[netty-transport-4.1.101.Final.jar!/:4.1.101.Final]
	at io.netty.channel.nio.NioEventLoop.processSelectedKey(NioEventLoop.java:788) ~[netty-transport-4.1.101.Final.jar!/:4.1.101.Final]
	at io.netty.channel.nio.NioEventLoop.processSelectedKeysOptimized(NioEventLoop.java:724) ~[netty-transport-4.1.101.Final.jar!/:4.1.101.Final]
	at io.netty.channel.nio.NioEventLoop.processSelectedKeys(NioEventLoop.java:650) ~[netty-transport-4.1.101.Final.jar!/:4.1.101.Final]
	at io.netty.channel.nio.NioEventLoop.run(NioEventLoop.java:562) ~[netty-transport-4.1.101.Final.jar!/:4.1.101.Final]
	at io.netty.util.concurrent.SingleThreadEventExecutor$4.run(SingleThreadEventExecutor.java:997) ~[netty-common-4.1.101.Final.jar!/:4.1.101.Final]
	at io.netty.util.internal.ThreadExecutorMap$2.run(ThreadExecutorMap.java:74) ~[netty-common-4.1.101.Final.jar!/:4.1.101.Final]
	at io.netty.util.concurrent.FastThreadLocalRunnable.run(FastThreadLocalRunnable.java:30) ~[netty-common-4.1.101.Final.jar!/:4.1.101.Final]
	at java.base/java.lang.Thread.run(Thread.java:840) ~[na:na]

2025-10-03T00:45:58.372+01:00  WARN 65747 --- [api-monitoring-dashboard] [ctor-http-nio-4] r.netty.http.client.HttpClientConnect    : [14e6f58f-141, L:/192.168.100.81:63864 - R:3dhkilc80jk8.manus.space/104.19.169.112:443] The connection observed an error

java.net.SocketException: Connection reset
	at java.base/sun.nio.ch.SocketChannelImpl.throwConnectionReset(SocketChannelImpl.java:394) ~[na:na]
	at java.base/sun.nio.ch.SocketChannelImpl.read(SocketChannelImpl.java:426) ~[na:na]
	at io.netty.buffer.PooledByteBuf.setBytes(PooledByteBuf.java:254) ~[netty-buffer-4.1.101.Final.jar!/:4.1.101.Final]
	at io.netty.buffer.AbstractByteBuf.writeBytes(AbstractByteBuf.java:1132) ~[netty-buffer-4.1.101.Final.jar!/:4.1.101.Final]
	at io.netty.channel.socket.nio.NioSocketChannel.doReadBytes(NioSocketChannel.java:357) ~[netty-transport-4.1.101.Final.jar!/:4.1.101.Final]
	at io.netty.channel.nio.AbstractNioByteChannel$NioByteUnsafe.read(AbstractNioByteChannel.java:151) ~[netty-transport-4.1.101.Final.jar!/:4.1.101.Final]
	at io.netty.channel.nio.NioEventLoop.processSelectedKey(NioEventLoop.java:788) ~[netty-transport-4.1.101.Final.jar!/:4.1.101.Final]
	at io.netty.channel.nio.NioEventLoop.processSelectedKeysOptimized(NioEventLoop.java:724) ~[netty-transport-4.1.101.Final.jar!/:4.1.101.Final]
	at io.netty.channel.nio.NioEventLoop.processSelectedKeys(NioEventLoop.java:650) ~[netty-transport-4.1.101.Final.jar!/:4.1.101.Final]
	at io.netty.channel.nio.NioEventLoop.run(NioEventLoop.java:562) ~[netty-transport-4.1.101.Final.jar!/:4.1.101.Final]
	at io.netty.util.concurrent.SingleThreadEventExecutor$4.run(SingleThreadEventExecutor.java:997) ~[netty-common-4.1.101.Final.jar!/:4.1.101.Final]
	at io.netty.util.internal.ThreadExecutorMap$2.run(ThreadExecutorMap.java:74) ~[netty-common-4.1.101.Final.jar!/:4.1.101.Final]
	at io.netty.util.concurrent.FastThreadLocalRunnable.run(FastThreadLocalRunnable.java:30) ~[netty-common-4.1.101.Final.jar!/:4.1.101.Final]
	at java.base/java.lang.Thread.run(Thread.java:840) ~[na:na]

2025-10-03T00:45:58.391+01:00  WARN 65747 --- [api-monitoring-dashboard] [ctor-http-nio-5] r.netty.http.client.HttpClientConnect    : [25e5e51d-141, L:/192.168.100.81:63866 - R:vgh0i1c1kodz.manus.space/104.19.169.112:443] The connection observed an error

java.net.SocketException: Connection reset
	at java.base/sun.nio.ch.SocketChannelImpl.throwConnectionReset(SocketChannelImpl.java:394) ~[na:na]
	at java.base/sun.nio.ch.SocketChannelImpl.read(SocketChannelImpl.java:426) ~[na:na]
	at io.netty.buffer.PooledByteBuf.setBytes(PooledByteBuf.java:254) ~[netty-buffer-4.1.101.Final.jar!/:4.1.101.Final]
	at io.netty.buffer.AbstractByteBuf.writeBytes(AbstractByteBuf.java:1132) ~[netty-buffer-4.1.101.Final.jar!/:4.1.101.Final]
	at io.netty.channel.socket.nio.NioSocketChannel.doReadBytes(NioSocketChannel.java:357) ~[netty-transport-4.1.101.Final.jar!/:4.1.101.Final]
	at io.netty.channel.nio.AbstractNioByteChannel$NioByteUnsafe.read(AbstractNioByteChannel.java:151) ~[netty-transport-4.1.101.Final.jar!/:4.1.101.Final]
	at io.netty.channel.nio.NioEventLoop.processSelectedKey(NioEventLoop.java:788) ~[netty-transport-4.1.101.Final.jar!/:4.1.101.Final]
	at io.netty.channel.nio.NioEventLoop.processSelectedKeysOptimized(NioEventLoop.java:724) ~[netty-transport-4.1.101.Final.jar!/:4.1.101.Final]
	at io.netty.channel.nio.NioEventLoop.processSelectedKeys(NioEventLoop.java:650) ~[netty-transport-4.1.101.Final.jar!/:4.1.101.Final]
	at io.netty.channel.nio.NioEventLoop.run(NioEventLoop.java:562) ~[netty-transport-4.1.101.Final.jar!/:4.1.101.Final]
	at io.netty.util.concurrent.SingleThreadEventExecutor$4.run(SingleThreadEventExecutor.java:997) ~[netty-common-4.1.101.Final.jar!/:4.1.101.Final]
	at io.netty.util.internal.ThreadExecutorMap$2.run(ThreadExecutorMap.java:74) ~[netty-common-4.1.101.Final.jar!/:4.1.101.Final]
	at io.netty.util.concurrent.FastThreadLocalRunnable.run(FastThreadLocalRunnable.java:30) ~[netty-common-4.1.101.Final.jar!/:4.1.101.Final]
	at java.base/java.lang.Thread.run(Thread.java:840) ~[na:na]

